[2022-01-11 18:23:05.120] [exthost] [info] Extension host with pid 1337 started
[2022-01-11 18:23:05.249] [exthost] [info] ExtensionService#_doActivateExtension vscode.debug-auto-launch, startup: true, activationEvent: '*'
[2022-01-11 18:23:05.399] [exthost] [info] ExtensionService#_doActivateExtension vscode.git, startup: true, activationEvent: '*', root cause: vscode.github
[2022-01-11 18:23:06.443] [exthost] [info] extension host terminating: renderer closed the socket
[2022-01-11 18:23:07.044] [exthost] [error] Activating extension vscode.github failed due to an error:
[2022-01-11 18:23:07.045] [exthost] [error] Canceled: Canceled
	at Object.i [as canceled] (/usr/lib/code/out/vs/workbench/services/extensions/node/extensionHostProcess.js:5:1157)
	at n._remoteCall (/usr/lib/code/out/vs/workbench/services/extensions/node/extensionHostProcess.js:98:13876)
	at Proxy.x.<computed>.F.charCodeAt.x.<computed> (/usr/lib/code/out/vs/workbench/services/extensions/node/extensionHostProcess.js:98:10271)
	at w._activateExtension (/usr/lib/code/out/vs/workbench/services/extensions/node/extensionHostProcess.js:99:11823)
	at Object.actualActivateExtension (/usr/lib/code/out/vs/workbench/services/extensions/node/extensionHostProcess.js:99:9242)
	at l._activateExtension (/usr/lib/code/out/vs/workbench/services/extensions/node/extensionHostProcess.js:94:88494)
	at /usr/lib/code/out/vs/workbench/services/extensions/node/extensionHostProcess.js:94:88176
	at Array.map (<anonymous>)
	at l._activateExtensions (/usr/lib/code/out/vs/workbench/services/extensions/node/extensionHostProcess.js:94:88164)
	at /usr/lib/code/out/vs/workbench/services/extensions/node/extensionHostProcess.js:94:88265
	at async Promise.all (index 0)
[2022-01-11 18:23:07.045] [exthost] [info] Eager extensions activated
[2022-01-11 18:23:07.047] [exthost] [error] Activating extension vscode.merge-conflict failed due to an error:
[2022-01-11 18:23:07.047] [exthost] [error] Canceled: Canceled
	at Object.i [as canceled] (/usr/lib/code/out/vs/workbench/services/extensions/node/extensionHostProcess.js:5:1157)
	at n._remoteCall (/usr/lib/code/out/vs/workbench/services/extensions/node/extensionHostProcess.js:98:13876)
	at Proxy.x.<computed>.F.charCodeAt.x.<computed> (/usr/lib/code/out/vs/workbench/services/extensions/node/extensionHostProcess.js:98:10271)
	at w._activateExtension (/usr/lib/code/out/vs/workbench/services/extensions/node/extensionHostProcess.js:99:11823)
	at Object.actualActivateExtension (/usr/lib/code/out/vs/workbench/services/extensions/node/extensionHostProcess.js:99:9242)
	at l._activateExtension (/usr/lib/code/out/vs/workbench/services/extensions/node/extensionHostProcess.js:94:88494)
	at /usr/lib/code/out/vs/workbench/services/extensions/node/extensionHostProcess.js:94:88176
	at Array.map (<anonymous>)
	at l._activateExtensions (/usr/lib/code/out/vs/workbench/services/extensions/node/extensionHostProcess.js:94:88164)
	at l.activateById (/usr/lib/code/out/vs/workbench/services/extensions/node/extensionHostProcess.js:94:85762)
	at w._activateById (/usr/lib/code/out/vs/workbench/services/extensions/node/extensionHostProcess.js:99:10244)
	at w._activateOneStartupFinished (/usr/lib/code/out/vs/workbench/services/extensions/node/extensionHostProcess.js:99:15441)
	at w._activateAllStartupFinished (/usr/lib/code/out/vs/workbench/services/extensions/node/extensionHostProcess.js:99:15812)
	at /usr/lib/code/out/vs/workbench/services/extensions/node/extensionHostProcess.js:99:16305
[2022-01-11 18:23:07.445] [exthost] [info] Extension host with pid 1337 exiting with code 0
