2022-01-12 19:07:41.075 T:192576    INFO <general>: -----------------------------------------------------------------------
2022-01-12 19:07:41.075 T:192576    INFO <general>: Starting Kodi (19.3 (19.3.0) Git:20211203-nogitfound). Platform: Linux x86 64-bit
2022-01-12 19:07:41.075 T:192576    INFO <general>: Using Release Kodi x64
2022-01-12 19:07:41.075 T:192576    INFO <general>: Kodi compiled 2021-12-03 by GCC 11.1.0 for Linux x86 64-bit version 5.12.3 (330755)
2022-01-12 19:07:41.076 T:192576    INFO <general>: Running on Arch Linux rolling, kernel: Linux x86 64-bit version 5.15.13-arch1-1
2022-01-12 19:07:41.076 T:192576    INFO <general>: FFmpeg version/source: 4.3.2-Kodi
2022-01-12 19:07:41.076 T:192576    INFO <general>: Host CPU: Intel(R) Core(TM) i3-4005U CPU @ 1.70GHz, 4 cores available
2022-01-12 19:07:41.076 T:192576    INFO <general>: special://xbmc/ is mapped to: /usr/share/kodi
2022-01-12 19:07:41.076 T:192576    INFO <general>: special://xbmcbin/ is mapped to: /usr/lib/kodi
2022-01-12 19:07:41.076 T:192576    INFO <general>: special://xbmcbinaddons/ is mapped to: /usr/lib/kodi/addons
2022-01-12 19:07:41.076 T:192576    INFO <general>: special://masterprofile/ is mapped to: /home/ricky/.kodi/userdata
2022-01-12 19:07:41.076 T:192576    INFO <general>: special://envhome/ is mapped to: /home/ricky
2022-01-12 19:07:41.076 T:192576    INFO <general>: special://home/ is mapped to: /home/ricky/.kodi
2022-01-12 19:07:41.076 T:192576    INFO <general>: special://temp/ is mapped to: /home/ricky/.kodi/temp
2022-01-12 19:07:41.076 T:192576    INFO <general>: special://logpath/ is mapped to: /home/ricky/.kodi/temp
2022-01-12 19:07:41.076 T:192576    INFO <general>: The executable running is: /usr/lib/kodi/kodi.bin
2022-01-12 19:07:41.076 T:192576    INFO <general>: Local hostname: riclin
2022-01-12 19:07:41.076 T:192576    INFO <general>: Log File is located: /home/ricky/.kodi/temp/kodi.log
2022-01-12 19:07:41.076 T:192576    INFO <general>: -----------------------------------------------------------------------
2022-01-12 19:07:41.076 T:192576    INFO <general>: loading settings
2022-01-12 19:07:41.076 T:192576    INFO <general>: special://profile/ is mapped to: special://masterprofile/
2022-01-12 19:07:41.084 T:192576    INFO <general>: No settings file to load (special://xbmc/system/advancedsettings.xml)
2022-01-12 19:07:41.084 T:192576    INFO <general>: No settings file to load (special://masterprofile/advancedsettings.xml)
2022-01-12 19:07:41.084 T:192576    INFO <general>: Default Video Player: VideoPlayer
2022-01-12 19:07:41.084 T:192576    INFO <general>: Default Audio Player: paplayer
2022-01-12 19:07:41.084 T:192576    INFO <general>: Disabled debug logging due to GUI setting. Level 0.
2022-01-12 19:07:41.084 T:192576    INFO <general>: Log level changed to "INFO"
2022-01-12 19:07:41.084 T:192576    INFO <general>: CMediaSourceSettings: loading media sources from special://masterprofile/sources.xml
2022-01-12 19:07:41.085 T:192576    INFO <general>: creating subdirectories
2022-01-12 19:07:41.085 T:192576    INFO <general>: userdata folder: special://masterprofile/
2022-01-12 19:07:41.085 T:192576    INFO <general>: recording folder: 
2022-01-12 19:07:41.085 T:192576    INFO <general>: screenshots folder: 
2022-01-12 19:07:41.087 T:192576    INFO <general>: Running database version Addons33
2022-01-12 19:07:41.087 T:192576   ERROR <general>: GetDirectory - Error getting /usr/lib/kodi/addons
2022-01-12 19:07:41.087 T:192576   ERROR <general>: GetDirectory - Error getting special://xbmcbin/addons
2022-01-12 19:07:41.106 T:192576    INFO <general>: CAddonMgr::FindAddons: audioencoder.kodi.builtin.aac v1.0.2 installed
2022-01-12 19:07:41.106 T:192576    INFO <general>: CAddonMgr::FindAddons: audioencoder.kodi.builtin.wma v1.0.2 installed
2022-01-12 19:07:41.106 T:192576    INFO <general>: CAddonMgr::FindAddons: game.controller.default v1.0.15 installed
2022-01-12 19:07:41.106 T:192576    INFO <general>: CAddonMgr::FindAddons: game.controller.snes v1.0.14 installed
2022-01-12 19:07:41.106 T:192576    INFO <general>: CAddonMgr::FindAddons: kodi.binary.global.audioengine v1.1.1 installed
2022-01-12 19:07:41.106 T:192576    INFO <general>: CAddonMgr::FindAddons: kodi.binary.global.filesystem v1.1.6 installed
2022-01-12 19:07:41.106 T:192576    INFO <general>: CAddonMgr::FindAddons: kodi.binary.global.general v1.0.5 installed
2022-01-12 19:07:41.106 T:192576    INFO <general>: CAddonMgr::FindAddons: kodi.binary.global.gui v5.15.0 installed
2022-01-12 19:07:41.106 T:192576    INFO <general>: CAddonMgr::FindAddons: kodi.binary.global.main v1.3.0 installed
2022-01-12 19:07:41.106 T:192576    INFO <general>: CAddonMgr::FindAddons: kodi.binary.global.network v1.0.4 installed
2022-01-12 19:07:41.106 T:192576    INFO <general>: CAddonMgr::FindAddons: kodi.binary.global.tools v1.0.4 installed
2022-01-12 19:07:41.106 T:192576    INFO <general>: CAddonMgr::FindAddons: kodi.binary.instance.audiodecoder v3.0.0 installed
2022-01-12 19:07:41.106 T:192576    INFO <general>: CAddonMgr::FindAddons: kodi.binary.instance.audioencoder v2.1.0 installed
2022-01-12 19:07:41.106 T:192576    INFO <general>: CAddonMgr::FindAddons: kodi.binary.instance.game v2.1.0 installed
2022-01-12 19:07:41.107 T:192576    INFO <general>: CAddonMgr::FindAddons: kodi.binary.instance.imagedecoder v2.1.1 installed
2022-01-12 19:07:41.107 T:192576    INFO <general>: CAddonMgr::FindAddons: kodi.binary.instance.inputstream v3.0.1 installed
2022-01-12 19:07:41.107 T:192576    INFO <general>: CAddonMgr::FindAddons: kodi.binary.instance.peripheral v2.0.0 installed
2022-01-12 19:07:41.107 T:192576    INFO <general>: CAddonMgr::FindAddons: kodi.binary.instance.pvr v7.1.0 installed
2022-01-12 19:07:41.107 T:192576    INFO <general>: CAddonMgr::FindAddons: kodi.binary.instance.screensaver v2.1.0 installed
2022-01-12 19:07:41.107 T:192576    INFO <general>: CAddonMgr::FindAddons: kodi.binary.instance.vfs v3.0.0 installed
2022-01-12 19:07:41.107 T:192576    INFO <general>: CAddonMgr::FindAddons: kodi.binary.instance.videocodec v2.0.2 installed
2022-01-12 19:07:41.107 T:192576    INFO <general>: CAddonMgr::FindAddons: kodi.binary.instance.visualization v3.0.0 installed
2022-01-12 19:07:41.107 T:192576    INFO <general>: CAddonMgr::FindAddons: kodi.resource v1.0.0 installed
2022-01-12 19:07:41.107 T:192576    INFO <general>: CAddonMgr::FindAddons: metadata.album.universal v3.1.4 installed
2022-01-12 19:07:41.107 T:192576    INFO <general>: CAddonMgr::FindAddons: metadata.artists.universal v4.3.3 installed
2022-01-12 19:07:41.108 T:192576    INFO <general>: CAddonMgr::FindAddons: metadata.common.allmusic.com v3.2.2 installed
2022-01-12 19:07:41.108 T:192576    INFO <general>: CAddonMgr::FindAddons: metadata.common.fanart.tv v3.6.3 installed
2022-01-12 19:07:41.108 T:192576    INFO <general>: CAddonMgr::FindAddons: metadata.common.imdb.com v3.1.6 installed
2022-01-12 19:07:41.108 T:192576    INFO <general>: CAddonMgr::FindAddons: metadata.common.musicbrainz.org v2.2.4 installed
2022-01-12 19:07:41.108 T:192576    INFO <general>: CAddonMgr::FindAddons: metadata.common.theaudiodb.com v2.0.3 installed
2022-01-12 19:07:41.108 T:192576    INFO <general>: CAddonMgr::FindAddons: metadata.common.themoviedb.org v3.2.13 installed
2022-01-12 19:07:41.108 T:192576    INFO <general>: CAddonMgr::FindAddons: metadata.generic.albums v1.0.14 installed
2022-01-12 19:07:41.108 T:192576    INFO <general>: CAddonMgr::FindAddons: metadata.generic.artists v1.0.14 installed
2022-01-12 19:07:41.108 T:192576    INFO <general>: CAddonMgr::FindAddons: metadata.local v1.0.1 installed
2022-01-12 19:07:41.108 T:192576    INFO <general>: CAddonMgr::FindAddons: metadata.themoviedb.org v5.2.6 installed
2022-01-12 19:07:41.109 T:192576    INFO <general>: CAddonMgr::FindAddons: metadata.themoviedb.org.python v1.3.1+matrix.1 installed
2022-01-12 19:07:41.109 T:192576    INFO <general>: CAddonMgr::FindAddons: metadata.tvshows.themoviedb.org v3.5.12 installed
2022-01-12 19:07:41.109 T:192576    INFO <general>: CAddonMgr::FindAddons: metadata.tvshows.themoviedb.org.python v1.3.14 installed
2022-01-12 19:07:41.109 T:192576    INFO <general>: CAddonMgr::FindAddons: repository.xbmc.org v3.2.5 installed
2022-01-12 19:07:41.109 T:192576    INFO <general>: CAddonMgr::FindAddons: resource.images.weathericons.default v1.1.9 installed
2022-01-12 19:07:41.109 T:192576    INFO <general>: CAddonMgr::FindAddons: resource.language.en_gb v2.0.2 installed
2022-01-12 19:07:41.109 T:192576    INFO <general>: CAddonMgr::FindAddons: resource.uisounds.kodi v1.0.1 installed
2022-01-12 19:07:41.109 T:192576    INFO <general>: CAddonMgr::FindAddons: screensaver.xbmc.builtin.black v1.0.34 installed
2022-01-12 19:07:41.109 T:192576    INFO <general>: CAddonMgr::FindAddons: screensaver.xbmc.builtin.dim v1.0.64 installed
2022-01-12 19:07:41.109 T:192576    INFO <general>: CAddonMgr::FindAddons: script.module.pil v5.1.0 installed
2022-01-12 19:07:41.109 T:192576    INFO <general>: CAddonMgr::FindAddons: script.module.pycryptodome v3.4.3 installed
2022-01-12 19:07:41.109 T:192576    INFO <general>: CAddonMgr::FindAddons: service.xbmc.versioncheck v0.5.19+matrix.1 installed
2022-01-12 19:07:41.109 T:192576    INFO <general>: CAddonMgr::FindAddons: skin.estouchy v3.0.6 installed
2022-01-12 19:07:41.109 T:192576    INFO <general>: CAddonMgr::FindAddons: skin.estuary v3.0.5 installed
2022-01-12 19:07:41.109 T:192576    INFO <general>: CAddonMgr::FindAddons: webinterface.default v19.x-2.4.8 installed
2022-01-12 19:07:41.110 T:192576    INFO <general>: CAddonMgr::FindAddons: xbmc.addon v19.1.0 installed
2022-01-12 19:07:41.110 T:192576    INFO <general>: CAddonMgr::FindAddons: xbmc.core v0.1.0 installed
2022-01-12 19:07:41.110 T:192576    INFO <general>: CAddonMgr::FindAddons: xbmc.gui v5.15.0 installed
2022-01-12 19:07:41.110 T:192576    INFO <general>: CAddonMgr::FindAddons: xbmc.json v12.4.0 installed
2022-01-12 19:07:41.110 T:192576    INFO <general>: CAddonMgr::FindAddons: xbmc.metadata v2.1.0 installed
2022-01-12 19:07:41.110 T:192576    INFO <general>: CAddonMgr::FindAddons: xbmc.python v3.0.0 installed
2022-01-12 19:07:41.110 T:192576    INFO <general>: CAddonMgr::FindAddons: xbmc.webinterface v1.0.0 installed
2022-01-12 19:07:41.112 T:192576    INFO <general>: Selected Logind/UPower as PowerSyscall
2022-01-12 19:07:41.159 T:192576   ERROR <general>: DBus error: org.freedesktop.DBus.Error.InvalidArgs - No such property “OnLowBattery”
2022-01-12 19:07:41.161 T:192576    INFO <general>: Selected UPower as PowerSyscall
2022-01-12 19:07:41.162 T:192576   ERROR <general>: DBus error: org.freedesktop.DBus.Error.InvalidArgs - No such property “CanSuspend”
2022-01-12 19:07:41.162 T:192576   ERROR <general>: DBus error: org.freedesktop.DBus.Error.InvalidArgs - No such property “CanHibernate”
2022-01-12 19:07:41.312 T:192622 WARNING <general>: Pulseaudio module module-allow-passthrough not loaded - opening PT devices might fail
2022-01-12 19:07:41.313 T:192622    INFO <general>: Found 1 Lists of Devices
2022-01-12 19:07:41.314 T:192622    INFO <general>: Enumerated PULSE devices:
2022-01-12 19:07:41.314 T:192622    INFO <general>:     Device 1
2022-01-12 19:07:41.314 T:192622    INFO <general>:         m_deviceName      : Default
2022-01-12 19:07:41.314 T:192622    INFO <general>:         m_displayName     : Default
2022-01-12 19:07:41.314 T:192622    INFO <general>:         m_displayNameExtra: Default Output Device (PULSEAUDIO)
2022-01-12 19:07:41.314 T:192622    INFO <general>:         m_deviceType      : AE_DEVTYPE_PCM
2022-01-12 19:07:41.314 T:192622    INFO <general>:         m_channels        : FL, FR
2022-01-12 19:07:41.314 T:192622    INFO <general>:         m_sampleRates     : 5512,8000,11025,16000,22050,32000,44100,48000,64000,88200,96000,176400,192000,384000
2022-01-12 19:07:41.314 T:192622    INFO <general>:         m_dataFormats     : AE_FMT_U8,AE_FMT_S16NE,AE_FMT_S24NE3,AE_FMT_S24NE4,AE_FMT_S32NE,AE_FMT_FLOAT
2022-01-12 19:07:41.314 T:192622    INFO <general>:         m_streamTypes     : No passthrough capabilities
2022-01-12 19:07:41.314 T:192622    INFO <general>:     Device 2
2022-01-12 19:07:41.314 T:192622    INFO <general>:         m_deviceName      : alsa_output.pci-0000_00_1b.0.analog-stereo
2022-01-12 19:07:41.314 T:192622    INFO <general>:         m_displayName     : Built-in Audio Analog Stereo
2022-01-12 19:07:41.314 T:192622    INFO <general>:         m_displayNameExtra: Headphones (PULSEAUDIO)
2022-01-12 19:07:41.314 T:192622    INFO <general>:         m_deviceType      : AE_DEVTYPE_PCM
2022-01-12 19:07:41.314 T:192622    INFO <general>:         m_channels        : FL, FR
2022-01-12 19:07:41.314 T:192622    INFO <general>:         m_sampleRates     : 5512,8000,11025,16000,22050,32000,44100,48000,64000,88200,96000,176400,192000,384000
2022-01-12 19:07:41.314 T:192622    INFO <general>:         m_dataFormats     : AE_FMT_U8,AE_FMT_S16NE,AE_FMT_S24NE3,AE_FMT_S24NE4,AE_FMT_S32NE,AE_FMT_FLOAT
2022-01-12 19:07:41.314 T:192622    INFO <general>:         m_streamTypes     : No passthrough capabilities
2022-01-12 19:07:41.314 T:192623    INFO <general>: CActiveAESink::OpenSink - initialize sink
2022-01-12 19:07:41.317 T:192623    INFO <general>: PulseAudio: Opened device Default in pcm mode with Buffersize 150 ms Periodsize 50 ms
2022-01-12 19:07:41.320 T:192576    INFO <general>: CKeyboardLayoutManager: loading keyboard layouts from special://xbmc/system/keyboardlayouts...
2022-01-12 19:07:41.350 T:192576    INFO <general>: Available videomodes (xrandr):
2022-01-12 19:07:41.350 T:192576    INFO <general>: Output 'eDP-1' has 60 modes
2022-01-12 19:07:41.350 T:192576    INFO <general>: ID:0x45 Name:1366x768 Refresh:60.003139 Width:1366 Height:768
2022-01-12 19:07:41.350 T:192576    INFO <general>: Pixel Ratio: 1.002101
2022-01-12 19:07:41.350 T:192576    INFO <general>: ID:0x46 Name:1366x768 Refresh:40.004711 Width:1366 Height:768
2022-01-12 19:07:41.350 T:192576    INFO <general>: Pixel Ratio: 1.002101
2022-01-12 19:07:41.351 T:192576    INFO <general>: ID:0x47 Name:1280x720 Refresh:120.001633 Width:1280 Height:720
2022-01-12 19:07:41.351 T:192576    INFO <general>: Pixel Ratio: 1.002591
2022-01-12 19:07:41.351 T:192576    INFO <general>: ID:0x48 Name:1280x720 Refresh:119.982109 Width:1280 Height:720
2022-01-12 19:07:41.351 T:192576    INFO <general>: Pixel Ratio: 1.002591
2022-01-12 19:07:41.351 T:192576    INFO <general>: ID:0x49 Name:1280x720 Refresh:59.855129 Width:1280 Height:720
2022-01-12 19:07:41.351 T:192576    INFO <general>: Pixel Ratio: 1.002591
2022-01-12 19:07:41.351 T:192576    INFO <general>: ID:0x4a Name:1280x720 Refresh:59.744709 Width:1280 Height:720
2022-01-12 19:07:41.351 T:192576    INFO <general>: Pixel Ratio: 1.002591
2022-01-12 19:07:41.351 T:192576    INFO <general>: ID:0x4b Name:1024x768 Refresh:120.074669 Width:1024 Height:768
2022-01-12 19:07:41.351 T:192576    INFO <general>: Pixel Ratio: 1.336787
2022-01-12 19:07:41.351 T:192576    INFO <general>: ID:0x4c Name:1024x768 Refresh:60.003841 Width:1024 Height:768
2022-01-12 19:07:41.351 T:192576    INFO <general>: Pixel Ratio: 1.336787
2022-01-12 19:07:41.351 T:192576    INFO <general>: ID:0x4d Name:960x720 Refresh:120.000000 Width:960 Height:720
2022-01-12 19:07:41.351 T:192576    INFO <general>: Pixel Ratio: 1.336787
2022-01-12 19:07:41.351 T:192576    INFO <general>: ID:0x4e Name:928x696 Refresh:120.101318 Width:928 Height:696
2022-01-12 19:07:41.351 T:192576    INFO <general>: Pixel Ratio: 1.336788
2022-01-12 19:07:41.351 T:192576    INFO <general>: ID:0x4f Name:896x672 Refresh:120.028877 Width:896 Height:672
2022-01-12 19:07:41.351 T:192576    INFO <general>: Pixel Ratio: 1.336787
2022-01-12 19:07:41.351 T:192576    INFO <general>: ID:0x50 Name:1024x576 Refresh:119.906700 Width:1024 Height:576
2022-01-12 19:07:41.351 T:192576    INFO <general>: Pixel Ratio: 1.002591
2022-01-12 19:07:41.351 T:192576    INFO <general>: ID:0x51 Name:1024x576 Refresh:119.918663 Width:1024 Height:576
2022-01-12 19:07:41.351 T:192576    INFO <general>: Pixel Ratio: 1.002591
2022-01-12 19:07:41.351 T:192576    INFO <general>: ID:0x52 Name:1024x576 Refresh:59.899212 Width:1024 Height:576
2022-01-12 19:07:41.351 T:192576    INFO <general>: Pixel Ratio: 1.002591
2022-01-12 19:07:41.351 T:192576    INFO <general>: ID:0x53 Name:1024x576 Refresh:59.819519 Width:1024 Height:576
2022-01-12 19:07:41.351 T:192576    INFO <general>: Pixel Ratio: 1.002591
2022-01-12 19:07:41.351 T:192576    INFO <general>: ID:0x54 Name:960x600 Refresh:119.865479 Width:960 Height:600
2022-01-12 19:07:41.351 T:192576    INFO <general>: Pixel Ratio: 1.113990
2022-01-12 19:07:41.351 T:192576    INFO <general>: ID:0x55 Name:960x600 Refresh:119.997513 Width:960 Height:600
2022-01-12 19:07:41.351 T:192576    INFO <general>: Pixel Ratio: 1.113990
2022-01-12 19:07:41.351 T:192576    INFO <general>: ID:0x56 Name:960x540 Refresh:119.925690 Width:960 Height:540
2022-01-12 19:07:41.351 T:192576    INFO <general>: Pixel Ratio: 1.002591
2022-01-12 19:07:41.351 T:192576    INFO <general>: ID:0x57 Name:960x540 Refresh:119.975739 Width:960 Height:540
2022-01-12 19:07:41.351 T:192576    INFO <general>: Pixel Ratio: 1.002591
2022-01-12 19:07:41.351 T:192576    INFO <general>: ID:0x58 Name:960x540 Refresh:59.629028 Width:960 Height:540
2022-01-12 19:07:41.351 T:192576    INFO <general>: Pixel Ratio: 1.002591
2022-01-12 19:07:41.351 T:192576    INFO <general>: ID:0x59 Name:960x540 Refresh:59.818218 Width:960 Height:540
2022-01-12 19:07:41.351 T:192576    INFO <general>: Pixel Ratio: 1.002591
2022-01-12 19:07:41.351 T:192576    INFO <general>: ID:0x5a Name:800x600 Refresh:120.000000 Width:800 Height:600
2022-01-12 19:07:41.351 T:192576    INFO <general>: Pixel Ratio: 1.336788
2022-01-12 19:07:41.351 T:192576    INFO <general>: ID:0x5b Name:800x600 Refresh:60.316540 Width:800 Height:600
2022-01-12 19:07:41.351 T:192576    INFO <general>: Pixel Ratio: 1.336788
2022-01-12 19:07:41.351 T:192576    INFO <general>: ID:0x5c Name:800x600 Refresh:56.250000 Width:800 Height:600
2022-01-12 19:07:41.351 T:192576    INFO <general>: Pixel Ratio: 1.336788
2022-01-12 19:07:41.351 T:192576    INFO <general>: ID:0x5d Name:840x525 Refresh:120.018707 Width:840 Height:525
2022-01-12 19:07:41.351 T:192576    INFO <general>: Pixel Ratio: 1.113990
2022-01-12 19:07:41.351 T:192576    INFO <general>: ID:0x5e Name:840x525 Refresh:119.766510 Width:840 Height:525
2022-01-12 19:07:41.351 T:192576    INFO <general>: Pixel Ratio: 1.113990
2022-01-12 19:07:41.351 T:192576    INFO <general>: ID:0x5f Name:864x486 Refresh:59.915340 Width:864 Height:486
2022-01-12 19:07:41.351 T:192576    INFO <general>: Pixel Ratio: 1.002591
2022-01-12 19:07:41.351 T:192576    INFO <general>: ID:0x60 Name:864x486 Refresh:59.570309 Width:864 Height:486
2022-01-12 19:07:41.351 T:192576    INFO <general>: Pixel Ratio: 1.002591
2022-01-12 19:07:41.351 T:192576    INFO <general>: ID:0x61 Name:700x525 Refresh:119.951233 Width:700 Height:525
2022-01-12 19:07:41.351 T:192576    INFO <general>: Pixel Ratio: 1.336788
2022-01-12 19:07:41.351 T:192576    INFO <general>: ID:0x62 Name:800x450 Refresh:119.892036 Width:800 Height:450
2022-01-12 19:07:41.351 T:192576    INFO <general>: Pixel Ratio: 1.002591
2022-01-12 19:07:41.351 T:192576    INFO <general>: ID:0x63 Name:800x450 Refresh:119.649521 Width:800 Height:450
2022-01-12 19:07:41.351 T:192576    INFO <general>: Pixel Ratio: 1.002591
2022-01-12 19:07:41.351 T:192576    INFO <general>: ID:0x64 Name:640x512 Refresh:120.039482 Width:640 Height:512
2022-01-12 19:07:41.351 T:192576    INFO <general>: Pixel Ratio: 1.425907
2022-01-12 19:07:41.351 T:192576    INFO <general>: ID:0x65 Name:700x450 Refresh:119.928253 Width:700 Height:450
2022-01-12 19:07:41.351 T:192576    INFO <general>: Pixel Ratio: 1.145818
2022-01-12 19:07:41.351 T:192576    INFO <general>: ID:0x66 Name:700x450 Refresh:119.759651 Width:700 Height:450
2022-01-12 19:07:41.351 T:192576    INFO <general>: Pixel Ratio: 1.145818
2022-01-12 19:07:41.351 T:192576    INFO <general>: ID:0x67 Name:640x480 Refresh:120.000000 Width:640 Height:480
2022-01-12 19:07:41.351 T:192576    INFO <general>: Pixel Ratio: 1.336788
2022-01-12 19:07:41.351 T:192576    INFO <general>: ID:0x68 Name:640x480 Refresh:59.940479 Width:640 Height:480
2022-01-12 19:07:41.351 T:192576    INFO <general>: Pixel Ratio: 1.336788
2022-01-12 19:07:41.351 T:192576    INFO <general>: ID:0x69 Name:720x405 Refresh:59.506180 Width:720 Height:405
2022-01-12 19:07:41.351 T:192576    INFO <general>: Pixel Ratio: 1.002591
2022-01-12 19:07:41.351 T:192576    INFO <general>: ID:0x6a Name:720x405 Refresh:58.987850 Width:720 Height:405
2022-01-12 19:07:41.351 T:192576    INFO <general>: Pixel Ratio: 1.002591
2022-01-12 19:07:41.351 T:192576    INFO <general>: ID:0x6b Name:684x384 Refresh:119.764099 Width:684 Height:384
2022-01-12 19:07:41.351 T:192576    INFO <general>: Pixel Ratio: 1.000636
2022-01-12 19:07:41.351 T:192576    INFO <general>: ID:0x6c Name:684x384 Refresh:119.706413 Width:684 Height:384
2022-01-12 19:07:41.351 T:192576    INFO <general>: Pixel Ratio: 1.000636
2022-01-12 19:07:41.351 T:192576    INFO <general>: ID:0x6d Name:640x400 Refresh:119.764771 Width:640 Height:400
2022-01-12 19:07:41.351 T:192576    INFO <general>: Pixel Ratio: 1.113990
2022-01-12 19:07:41.351 T:192576    INFO <general>: ID:0x6e Name:640x400 Refresh:119.964859 Width:640 Height:400
2022-01-12 19:07:41.351 T:192576    INFO <general>: Pixel Ratio: 1.113990
2022-01-12 19:07:41.351 T:192576    INFO <general>: ID:0x6f Name:640x360 Refresh:119.710251 Width:640 Height:360
2022-01-12 19:07:41.351 T:192576    INFO <general>: Pixel Ratio: 1.002591
2022-01-12 19:07:41.351 T:192576    INFO <general>: ID:0x70 Name:640x360 Refresh:119.650902 Width:640 Height:360
2022-01-12 19:07:41.351 T:192576    INFO <general>: Pixel Ratio: 1.002591
2022-01-12 19:07:41.351 T:192576    INFO <general>: ID:0x71 Name:640x360 Refresh:59.840431 Width:640 Height:360
2022-01-12 19:07:41.351 T:192576    INFO <general>: Pixel Ratio: 1.002591
2022-01-12 19:07:41.351 T:192576    INFO <general>: ID:0x72 Name:640x360 Refresh:59.324871 Width:640 Height:360
2022-01-12 19:07:41.351 T:192576    INFO <general>: Pixel Ratio: 1.002591
2022-01-12 19:07:41.351 T:192576    INFO <general>: ID:0x73 Name:512x384 Refresh:120.007683 Width:512 Height:384
2022-01-12 19:07:41.351 T:192576    INFO <general>: Pixel Ratio: 1.336787
2022-01-12 19:07:41.351 T:192576    INFO <general>: ID:0x74 Name:512x288 Refresh:119.998756 Width:512 Height:288
2022-01-12 19:07:41.351 T:192576    INFO <general>: Pixel Ratio: 1.002591
2022-01-12 19:07:41.351 T:192576    INFO <general>: ID:0x75 Name:512x288 Refresh:119.841118 Width:512 Height:288
2022-01-12 19:07:41.351 T:192576    INFO <general>: Pixel Ratio: 1.002591
2022-01-12 19:07:41.351 T:192576    INFO <general>: ID:0x76 Name:480x270 Refresh:119.258049 Width:480 Height:270
2022-01-12 19:07:41.351 T:192576    INFO <general>: Pixel Ratio: 1.002591
2022-01-12 19:07:41.351 T:192576    INFO <general>: ID:0x77 Name:480x270 Refresh:119.636429 Width:480 Height:270
2022-01-12 19:07:41.351 T:192576    INFO <general>: Pixel Ratio: 1.002591
2022-01-12 19:07:41.351 T:192576    INFO <general>: ID:0x78 Name:400x300 Refresh:120.633080 Width:400 Height:300
2022-01-12 19:07:41.351 T:192576    INFO <general>: Pixel Ratio: 1.336788
2022-01-12 19:07:41.351 T:192576    INFO <general>: ID:0x79 Name:400x300 Refresh:112.680290 Width:400 Height:300
2022-01-12 19:07:41.351 T:192576    INFO <general>: Pixel Ratio: 1.336788
2022-01-12 19:07:41.351 T:192576    INFO <general>: ID:0x7a Name:432x243 Refresh:119.830688 Width:432 Height:243
2022-01-12 19:07:41.351 T:192576    INFO <general>: Pixel Ratio: 1.002591
2022-01-12 19:07:41.351 T:192576    INFO <general>: ID:0x7b Name:432x243 Refresh:119.140617 Width:432 Height:243
2022-01-12 19:07:41.351 T:192576    INFO <general>: Pixel Ratio: 1.002591
2022-01-12 19:07:41.351 T:192576    INFO <general>: ID:0x7c Name:320x240 Refresh:120.104958 Width:320 Height:240
2022-01-12 19:07:41.351 T:192576    INFO <general>: Pixel Ratio: 1.336788
2022-01-12 19:07:41.351 T:192576    INFO <general>: ID:0x7d Name:360x202 Refresh:119.012360 Width:360 Height:202
2022-01-12 19:07:41.351 T:192576    INFO <general>: Pixel Ratio: 1.000115
2022-01-12 19:07:41.351 T:192576    INFO <general>: ID:0x7e Name:360x202 Refresh:118.257942 Width:360 Height:202
2022-01-12 19:07:41.351 T:192576    INFO <general>: Pixel Ratio: 1.000115
2022-01-12 19:07:41.351 T:192576    INFO <general>: ID:0x7f Name:320x180 Refresh:119.680847 Width:320 Height:180
2022-01-12 19:07:41.351 T:192576    INFO <general>: Pixel Ratio: 1.002591
2022-01-12 19:07:41.351 T:192576    INFO <general>: ID:0x80 Name:320x180 Refresh:118.649727 Width:320 Height:180
2022-01-12 19:07:41.351 T:192576    INFO <general>: Pixel Ratio: 1.002591
2022-01-12 19:07:41.351 T:192576    INFO <general>: CApplication::CreateGUI - using the x11 windowing system
2022-01-12 19:07:41.351 T:192576    INFO <general>: Checking resolution 16
2022-01-12 19:07:41.361 T:192576    INFO <general>: RetroPlayer[PROCESS]: Registering process control for X11
2022-01-12 19:07:41.361 T:192576    INFO <general>: RetroPlayer[RENDER]: Registering renderer factory for OpenGL
2022-01-12 19:07:41.383 T:192576    INFO <general>: Using visual 0x21
2022-01-12 19:07:41.413 T:192576    INFO <general>: VAAPI::Close - closing decoder context
2022-01-12 19:07:41.414 T:192576    INFO <general>: CRenderSystemGL::InitRenderSystem - Version: 4.5 (Core Profile) Mesa 21.3.3, Major: 4, Minor: 5
2022-01-12 19:07:41.414 T:192576    INFO <general>: GL_VENDOR = Intel Open Source Technology Center
2022-01-12 19:07:41.414 T:192576    INFO <general>: GL_RENDERER = Mesa DRI Intel(R) HD Graphics 4400 (HSW GT2)
2022-01-12 19:07:41.414 T:192576    INFO <general>: GL_VERSION = 4.5 (Core Profile) Mesa 21.3.3
2022-01-12 19:07:41.414 T:192576    INFO <general>: GL_SHADING_LANGUAGE_VERSION = 4.50
2022-01-12 19:07:41.414 T:192576    INFO <general>: GL_EXTENSIONS = GL_3DFX_texture_compression_FXT1 GL_AMD_conservative_depth GL_AMD_draw_buffers_blend GL_AMD_multi_draw_indirect GL_AMD_query_buffer_object GL_AMD_seamless_cubemap_per_texture GL_AMD_shader_trinary_minmax GL_AMD_texture_texture4 GL_AMD_vertex_shader_layer GL_AMD_vertex_shader_viewport_index GL_ANGLE_texture_compression_dxt3 GL_ANGLE_texture_compression_dxt5 GL_APPLE_object_purgeable GL_ARB_ES2_compatibility GL_ARB_ES3_1_compatibility GL_ARB_ES3_compatibility GL_ARB_arrays_of_arrays GL_ARB_base_instance GL_ARB_blend_func_extended GL_ARB_buffer_storage GL_ARB_clear_buffer_object GL_ARB_clear_texture GL_ARB_clip_control GL_ARB_compressed_texture_pixel_storage GL_ARB_compute_shader GL_ARB_compute_variable_group_size GL_ARB_conditional_render_inverted GL_ARB_conservative_depth GL_ARB_copy_buffer GL_ARB_copy_image GL_ARB_cull_distance GL_ARB_debug_output GL_ARB_depth_buffer_float GL_ARB_depth_clamp GL_ARB_derivative_control GL_ARB_direct_state_access GL_ARB_draw_buffers GL_ARB_draw_buffers_blend GL_ARB_draw_elements_base_vertex GL_ARB_draw_indirect GL_ARB_draw_instanced GL_ARB_enhanced_layouts GL_ARB_explicit_attrib_location GL_ARB_explicit_uniform_location GL_ARB_fragment_coord_conventions GL_ARB_fragment_layer_viewport GL_ARB_fragment_shader GL_ARB_framebuffer_no_attachments GL_ARB_framebuffer_object GL_ARB_framebuffer_sRGB GL_ARB_get_program_binary GL_ARB_get_texture_sub_image GL_ARB_gl_spirv GL_ARB_gpu_shader5 GL_ARB_gpu_shader_fp64 GL_ARB_half_float_pixel GL_ARB_half_float_vertex GL_ARB_indirect_parameters GL_ARB_instanced_arrays GL_ARB_internalformat_query GL_ARB_internalformat_query2 GL_ARB_invalidate_subdata GL_ARB_map_buffer_alignment GL_ARB_map_buffer_range GL_ARB_multi_bind GL_ARB_multi_draw_indirect GL_ARB_occlusion_query2 GL_ARB_parallel_shader_compile GL_ARB_pipeline_statistics_query GL_ARB_pixel_buffer_object GL_ARB_point_sprite GL_ARB_polygon_offset_clamp GL_ARB_program_interface_query GL_ARB_provoking_vertex GL_ARB_query_buffer_object GL_ARB_robust_buffer_access_behavior GL_ARB_robustness GL_ARB_sample_shading GL_ARB_sampler_objects GL_ARB_seamless_cube_map GL_ARB_seamless_cubemap_per_texture GL_ARB_separate_shader_objects GL_ARB_shader_atomic_counter_ops GL_ARB_shader_atomic_counters GL_ARB_shader_bit_encoding GL_ARB_shader_clock GL_ARB_shader_draw_parameters GL_ARB_shader_group_vote GL_ARB_shader_image_load_store GL_ARB_shader_image_size GL_ARB_shader_objects GL_ARB_shader_precision GL_ARB_shader_storage_buffer_object GL_ARB_shader_subroutine GL_ARB_shader_texture_image_samples GL_ARB_shader_texture_lod GL_ARB_shader_viewport_layer_array GL_ARB_shading_language_420pack GL_ARB_shading_language_include GL_ARB_shading_language_packing GL_ARB_spirv_extensions GL_ARB_stencil_texturing GL_ARB_sync GL_ARB_tessellation_shader GL_ARB_texture_barrier GL_ARB_texture_buffer_object GL_ARB_texture_buffer_object_rgb32 GL_ARB_texture_buffer_range GL_ARB_texture_compression_bptc GL_ARB_texture_compression_rgtc GL_ARB_texture_cube_map_array GL_ARB_texture_filter_anisotropic GL_ARB_texture_float GL_ARB_texture_gather GL_ARB_texture_mirror_clamp_to_edge GL_ARB_texture_multisample GL_ARB_texture_non_power_of_two GL_ARB_texture_query_levels GL_ARB_texture_query_lod GL_ARB_texture_rectangle GL_ARB_texture_rg GL_ARB_texture_rgb10_a2ui GL_ARB_texture_stencil8 GL_ARB_texture_storage GL_ARB_texture_storage_multisample GL_ARB_texture_swizzle GL_ARB_texture_view GL_ARB_timer_query GL_ARB_transform_feedback2 GL_ARB_transform_feedback3 GL_ARB_transform_feedback_instanced GL_ARB_transform_feedback_overflow_query GL_ARB_uniform_buffer_object GL_ARB_vertex_array_bgra GL_ARB_vertex_array_object GL_ARB_vertex_attrib_64bit GL_ARB_vertex_attrib_binding GL_ARB_vertex_buffer_object GL_ARB_vertex_shader GL_ARB_vertex_type_10f_11f_11f_rev GL_ARB_vertex_type_2_10_10_10_rev GL_ARB_viewport_array GL_ATI_blend_equation_separate GL_ATI_texture_float GL_EXT_EGL_image_storage GL_EXT_EGL_sync GL_EXT_abgr GL_EXT_blend_equation_separate GL_EXT_demote_to_helper_invocation GL_EXT_draw_buffers2 GL_EXT_draw_instanced GL_EXT_framebuffer_blit GL_EXT_framebuffer_multisample GL_EXT_framebuffer_multisample_blit_scaled GL_EXT_framebuffer_object GL_EXT_framebuffer_sRGB GL_EXT_memory_object GL_EXT_memory_object_fd GL_EXT_packed_depth_stencil GL_EXT_packed_float GL_EXT_pixel_buffer_object GL_EXT_polygon_offset_clamp GL_EXT_provoking_vertex GL_EXT_semaphore GL_EXT_semaphore_fd GL_EXT_shader_framebuffer_fetch_non_coherent GL_EXT_shader_integer_mix GL_EXT_shader_samples_identical GL_EXT_texture_array GL_EXT_texture_compression_dxt1 GL_EXT_texture_compression_rgtc GL_EXT_texture_compression_s3tc GL_EXT_texture_filter_anisotropic GL_EXT_texture_integer GL_EXT_texture_sRGB GL_EXT_texture_sRGB_R8 GL_EXT_texture_sRGB_decode GL_EXT_texture_shadow_lod GL_EXT_texture_shared_exponent GL_EXT_texture_snorm GL_EXT_texture_swizzle GL_EXT_timer_query GL_EXT_transform_feedback GL_EXT_vertex_array_bgra GL_EXT_vertex_attrib_64bit GL_IBM_multimode_draw_arrays GL_INTEL_blackhole_render GL_INTEL_performance_query GL_KHR_blend_equation_advanced GL_KHR_context_flush_control GL_KHR_debug GL_KHR_no_error GL_KHR_parallel_shader_compile GL_KHR_robust_buffer_access_behavior GL_KHR_robustness GL_MESA_framebuffer_flip_y GL_MESA_pack_invert GL_MESA_shader_integer_functions GL_MESA_texture_signed_rgba GL_NV_compute_shader_derivatives GL_NV_conditional_render GL_NV_depth_clamp GL_NV_packed_depth_stencil GL_NV_texture_barrier GL_OES_EGL_image GL_S3_s3tc 
2022-01-12 19:07:41.428 T:192576    INFO <general>: GL: Maximum texture width: 16384
2022-01-12 19:07:41.654 T:192576    INFO <general>: GL: Enabling VSYNC
2022-01-12 19:07:41.656 T:192576    INFO <general>: load keymapping
2022-01-12 19:07:41.656 T:192576    INFO <general>: Loading special://xbmc/system/keymaps/appcommand.xml
2022-01-12 19:07:41.657 T:192576    INFO <general>: Loading special://xbmc/system/keymaps/customcontroller.AppleRemote.xml
2022-01-12 19:07:41.657 T:192576    INFO <general>: Loading special://xbmc/system/keymaps/customcontroller.Harmony.xml
2022-01-12 19:07:41.658 T:192576    INFO <general>: Loading special://xbmc/system/keymaps/customcontroller.SiriRemote.xml
2022-01-12 19:07:41.659 T:192576    INFO <general>: Loading special://xbmc/system/keymaps/gamepad.xml
2022-01-12 19:07:41.660 T:192576    INFO <general>: Loading special://xbmc/system/keymaps/joystick.xml
2022-01-12 19:07:41.661 T:192576    INFO <general>: Loading special://xbmc/system/keymaps/keyboard.xml
2022-01-12 19:07:41.664 T:192576    INFO <general>: Loading special://xbmc/system/keymaps/mouse.xml
2022-01-12 19:07:41.664 T:192576    INFO <general>: Loading special://xbmc/system/keymaps/remote.xml
2022-01-12 19:07:41.665 T:192576    INFO <general>: Loading special://xbmc/system/keymaps/touchscreen.xml
2022-01-12 19:07:41.666 T:192576    INFO <general>: GUI format 1366x768, Display eDP-1: 1366x768 @ 60.00Hz
2022-01-12 19:07:41.666 T:192576    INFO <general>: CLangInfo: loading resource.language.en_gb language information...
2022-01-12 19:07:41.667 T:192576    INFO <general>: global locale set to en_US.UTF-8
2022-01-12 19:07:41.667 T:192576    INFO <general>: CLangInfo: loading resource.language.en_gb language strings...
2022-01-12 19:07:41.680 T:192628    INFO <general>: Running database version Addons33
2022-01-12 19:07:41.681 T:192628    INFO <general>: Running database version ViewModes6
2022-01-12 19:07:41.681 T:192628    INFO <general>: Running database version Textures13
2022-01-12 19:07:41.682 T:192628    INFO <general>: Running database version MyMusic82
2022-01-12 19:07:41.685 T:192628    INFO <general>: Running database version MyVideos119
2022-01-12 19:07:41.686 T:192628    INFO <general>: Running database version TV38
2022-01-12 19:07:41.687 T:192628    INFO <general>: Running database version Epg13
2022-01-12 19:07:41.688 T:192576    INFO <general>: start dvd mediatype detection
2022-01-12 19:07:41.701 T:192576    INFO <general>: Unloaded skin
2022-01-12 19:07:41.702 T:192576    INFO <general>:   load skin from: /usr/share/kodi/addons/skin.estuary/ (version: 3.0.5)
2022-01-12 19:07:41.702 T:192576    INFO <general>:   load fonts for skin...
2022-01-12 19:07:41.702 T:192576    INFO <general>: Loading skin includes from /usr/share/kodi/addons/skin.estuary/xml/Includes.xml
2022-01-12 19:07:41.737 T:192576    INFO <general>: Loading fonts from /usr/share/kodi/addons/skin.estuary/xml/Font.xml
2022-01-12 19:07:41.762 T:192576    INFO <general>:   load new skin...
2022-01-12 19:07:41.762 T:192576    INFO <general>: Loading custom window XMLs from skin path /usr/share/kodi/addons/skin.estuary/xml
2022-01-12 19:07:41.766 T:192576    INFO <general>:   initialize new skin...
2022-01-12 19:07:41.766 T:192576    INFO <general>: Loading skin file: Custom_1109_TopBarOverlay.xml, load type: LOAD_ON_GUI_INIT
2022-01-12 19:07:41.773 T:192576    INFO <general>: Loading skin file: DialogVolumeBar.xml, load type: LOAD_ON_GUI_INIT
2022-01-12 19:07:41.774 T:192576    INFO <general>: Loading skin file: DialogBusy.xml, load type: LOAD_ON_GUI_INIT
2022-01-12 19:07:41.774 T:192576    INFO <general>: Loading skin file: Pointer.xml, load type: LOAD_ON_GUI_INIT
2022-01-12 19:07:41.775 T:192576    INFO <general>: Loading skin file: DialogExtendedProgressBar.xml, load type: LOAD_ON_GUI_INIT
2022-01-12 19:07:41.776 T:192576    INFO <general>: Loading skin file: DialogSeekBar.xml, load type: LOAD_ON_GUI_INIT
2022-01-12 19:07:41.783 T:192576    INFO <general>: Loading skin file: DialogNotification.xml, load type: LOAD_ON_GUI_INIT
2022-01-12 19:07:41.784 T:192576    INFO <general>: Loading skin file: DialogBusy.xml, load type: LOAD_ON_GUI_INIT
2022-01-12 19:07:41.785 T:192576    INFO <general>: Loading resource://resource.uisounds.kodi/sounds.xml
2022-01-12 19:07:41.799 T:192576    INFO <general>:   skin loaded...
2022-01-12 19:07:41.800 T:192576    INFO <general>: Loading skin file: Startup.xml, load type: LOAD_EVERY_TIME
2022-01-12 19:07:41.800 T:192576    INFO <general>: Loading skin file: Home.xml, load type: KEEP_IN_MEMORY
2022-01-12 19:07:41.873 T:192576 WARNING <general>: JSONRPC: Could not parse type "Setting.Details.SettingList"
2022-01-12 19:07:41.873 T:192576    INFO <general>: JSONRPC: Adding type "Setting.Details.SettingList" to list of incomplete definitions (waiting for "Setting.Details.Setting")
2022-01-12 19:07:41.873 T:192576    INFO <general>: JSONRPC: Resolving incomplete types/methods referencing Setting.Details.Setting
2022-01-12 19:07:41.894 T:192576    INFO <general>: JSONRPC v12.4.0: Successfully initialized
2022-01-12 19:07:41.906 T:192576    INFO <general>: Register - new keyboard device registered on application->keyboard: Keyboard (0000:0000)
2022-01-12 19:07:41.906 T:192576    INFO <general>: Register - new mouse device registered on application->mouse: Mouse (0000:0000)
2022-01-12 19:07:41.917 T:192576    INFO <general>: Loading player core factory settings from special://xbmc/system/playercorefactory.xml.
2022-01-12 19:07:41.918 T:192576    INFO <general>: Loaded playercorefactory configuration
2022-01-12 19:07:41.918 T:192576    INFO <general>: Loading player core factory settings from special://masterprofile/playercorefactory.xml.
2022-01-12 19:07:41.918 T:192576    INFO <general>: special://masterprofile/playercorefactory.xml does not exist. Skipping.
2022-01-12 19:07:41.918 T:192576    INFO <general>: removing tempfiles
2022-01-12 19:07:41.931 T:192576    INFO <general>: initialize done
2022-01-12 19:07:41.931 T:192576    INFO <general>: Running the application...
2022-01-12 19:07:41.931 T:192638    INFO <general>: initializing python engine.
2022-01-12 19:07:41.935 T:192576    INFO <general>: CZeroconfAvahi::clientCallback: avahi server not available. But may become later...
2022-01-12 19:07:41.936 T:192576    INFO <general>: starting zeroconf publishing
2022-01-12 19:07:41.948 T:192640    INFO <general>: ES: Starting UDP Event server on port 9777
2022-01-12 19:07:41.948 T:192640    INFO <general>: UDP: Listening on port 9777 (ipv6 : false)
2022-01-12 19:07:41.951 T:192576    INFO <general>: JSONRPC Server: Successfully initialized
2022-01-12 19:07:42.075 T:192621    INFO <general>: Loading special://xbmc/system/Lircmap.xml
2022-01-12 19:07:42.076 T:192621    INFO <general>: * Adding remote mapping for device 'mceusb'
2022-01-12 19:07:42.076 T:192621    INFO <general>: * Adding remote mapping for device 'XboxDVDDongle'
2022-01-12 19:07:42.076 T:192621    INFO <general>: * Adding remote mapping for device 'Microsoft_Xbox'
2022-01-12 19:07:42.076 T:192621    INFO <general>: * Adding remote mapping for device 'PinnacleSysPCTVRemote'
2022-01-12 19:07:42.076 T:192621    INFO <general>: * Adding remote mapping for device 'anysee'
2022-01-12 19:07:42.076 T:192621    INFO <general>: * Adding remote mapping for device 'iMON-PAD'
2022-01-12 19:07:42.076 T:192621    INFO <general>: * Adding remote mapping for device 'Antec_Veris_RM200'
2022-01-12 19:07:42.076 T:192621    INFO <general>: * Adding remote mapping for device 'MCE_via_iMON'
2022-01-12 19:07:42.076 T:192621    INFO <general>: * Adding remote mapping for device 'TwinHanRemote'
2022-01-12 19:07:42.076 T:192621    INFO <general>: * Adding remote mapping for device 'linux-input-layer'
2022-01-12 19:07:42.076 T:192621    INFO <general>: * Linking remote mapping for 'linux-input-layer' to 'cx23885_remote'
2022-01-12 19:07:42.076 T:192621    INFO <general>: * Adding remote mapping for device 'mediacenter'
2022-01-12 19:07:42.076 T:192621    INFO <general>: * Adding remote mapping for device 'devinput'
2022-01-12 19:07:42.076 T:192621    INFO <general>: * Adding remote mapping for device 'devinput-32'
2022-01-12 19:07:42.076 T:192621    INFO <general>: * Adding remote mapping for device 'devinput-64'
2022-01-12 19:07:47.199 T:192638    INFO <general>: CPythonInvoker(0, /usr/share/kodi/addons/service.xbmc.versioncheck/resources/lib/runner.py): script successfully run
2022-01-12 19:07:47.229 T:192638    INFO <general>: Python interpreter stopped
2022-01-12 19:08:43.005 T:195431   ERROR <general>: CCurlFile::Stat - Failed: Couldn't connect to server(7) for https://assets.fanart.tv/fanart/movies/398818/moviebackground/call-me-by-your-name-5a54e00dc6852.jpg
2022-01-12 19:08:44.720 T:195431   ERROR <general>: Skipped 1 duplicate messages..
2022-01-12 19:08:44.720 T:195431   ERROR <general>: CCurlFile::Stat - Failed: Couldn't connect to server(7) for https://image.tmdb.org/t/p/original/1DBPorIH0OTQo3WooIXXvS80sGW.jpg
2022-01-12 19:08:45.118 T:195431   ERROR <general>: CCurlFile::Stat - Failed: Couldn't connect to server(7) for https://image.tmdb.org/t/p/original/xrnZPAfzgc8l9DxEuKCtaGYGHgC.jpg
2022-01-12 19:08:45.188 T:195565   ERROR <general>: CCurlFile::Stat - Failed: Couldn't connect to server(7) for https://assets.fanart.tv/fanart/movies/624/movieposter/easy-rider-5eafabe4dbba7.jpg
2022-01-12 19:08:45.320 T:195565   ERROR <general>: CCurlFile::Stat - Failed: Couldn't connect to server(7) for https://image.tmdb.org/t/p/original/uuvaXWaW8fibwSCejJINzEPB0rF.jpg
2022-01-12 19:08:45.388 T:195431   ERROR <general>: CCurlFile::Stat - Failed: Couldn't connect to server(7) for https://assets.fanart.tv/fanart/movies/512263/movieposter/honey-boy-5d77ab20cc521.jpg
2022-01-12 19:08:46.087 T:195431   ERROR <general>: CCurlFile::Stat - Failed: Couldn't connect to server(7) for https://assets.fanart.tv/fanart/movies/696/moviebackground/manhattan-5ae6ad3f002ce.jpg
2022-01-12 19:08:46.147 T:195565   ERROR <general>: CCurlFile::Stat - Failed: Couldn't connect to server(7) for https://assets.fanart.tv/fanart/movies/62/movieposter/2001-a-space-odyssey-521a259f5fb99.jpg
2022-01-12 19:08:46.504 T:195565   ERROR <general>: CCurlFile::Stat - Failed: Couldn't connect to server(7) for https://assets.fanart.tv/fanart/movies/624/moviebackground/easy-rider-5eafac3ad6a95.jpg
2022-01-12 19:08:46.506 T:195565   ERROR <general>: CCurlFile::Stat - Failed: Couldn't connect to server(7) for https://assets.fanart.tv/fanart/movies/624/movieposter/easy-rider-5eafabe4dbba7.jpg
2022-01-12 19:08:46.571 T:195431   ERROR <general>: CCurlFile::Stat - Failed: Couldn't connect to server(7) for https://assets.fanart.tv/fanart/movies/257091/movieposter/get-hard-54f639d7d6717.jpg
2022-01-12 19:08:47.292 T:195565   ERROR <general>: CCurlFile::Stat - Failed: Couldn't connect to server(7) for https://image.tmdb.org/t/p/original/5n2jz145P1CRdPfA296MmEZF1sQ.jpg
2022-01-12 19:08:47.293 T:195565   ERROR <general>: CCurlFile::Stat - Failed: Couldn't connect to server(7) for https://assets.fanart.tv/fanart/movies/512263/movieposter/honey-boy-5d77ab20cc521.jpg
2022-01-12 19:08:47.349 T:195431   ERROR <general>: CCurlFile::Stat - Failed: Couldn't connect to server(7) for https://assets.fanart.tv/fanart/movies/496/movieposter/borat-cultural-learnings-of-america-for-make-benefit-gloriou-524e51f0566f3.jpg
2022-01-12 19:08:49.336 T:195565   ERROR <general>: CCurlFile::Stat - Failed: Couldn't connect to server(7) for https://assets.fanart.tv/fanart/movies/62/moviebackground/2001-a-space-odyssey-518dae8297c1b.jpg
2022-01-12 19:08:49.337 T:195431   ERROR <general>: CCurlFile::Stat - Failed: Couldn't connect to server(7) for https://assets.fanart.tv/fanart/movies/62/movieposter/2001-a-space-odyssey-521a259f5fb99.jpg
2022-01-12 19:08:49.395 T:195565   ERROR <general>: CCurlFile::Stat - Failed: Couldn't connect to server(7) for https://image.tmdb.org/t/p/original/xmGq9ilvlZTh4KwM8kd05enQlSR.jpg
2022-01-12 19:08:51.569 T:195431   ERROR <general>: CCurlFile::Stat - Failed: Couldn't connect to server(7) for https://assets.fanart.tv/fanart/movies/398818/moviebackground/call-me-by-your-name-5a54e00dc6852.jpg
2022-01-12 19:08:51.577 T:195565   ERROR <general>: CCurlFile::Stat - Failed: Couldn't connect to server(7) for https://assets.fanart.tv/fanart/movies/132344/moviebackground/before-midnight-54504640a1b07.jpg
2022-01-12 19:08:52.576 T:195565   ERROR <general>: CCurlFile::Stat - Failed: Couldn't connect to server(7) for https://image.tmdb.org/t/p/original/1DBPorIH0OTQo3WooIXXvS80sGW.jpg
2022-01-12 19:08:52.589 T:195431   ERROR <general>: CCurlFile::Stat - Failed: Couldn't connect to server(7) for https://image.tmdb.org/t/p/original/cP31o6Ta11t4PFo7PYvtCOTJJhs.jpg
2022-01-12 19:08:53.921 T:195565   ERROR <general>: CCurlFile::Stat - Failed: Couldn't connect to server(7) for https://assets.fanart.tv/fanart/movies/132344/moviebackground/before-midnight-54504640a1b07.jpg
2022-01-12 19:08:54.430 T:195565   ERROR <general>: CCurlFile::Stat - Failed: Couldn't connect to server(7) for https://image.tmdb.org/t/p/original/ixBbxdL8fUMWxtdr4BvOxyy00CQ.jpg
2022-01-12 19:08:55.220 T:195565   ERROR <general>: CCurlFile::Stat - Failed: Couldn't connect to server(7) for https://image.tmdb.org/t/p/original/cFH3ISxrOFiSAZVJ3a3MKP83nf.jpg
2022-01-12 19:08:55.288 T:195565   ERROR <general>: CCurlFile::Stat - Failed: Couldn't connect to server(7) for https://assets.fanart.tv/fanart/movies/2011/movieposter/persepolis-572e7adf394e0.jpg
2022-01-12 19:08:56.603 T:195565   ERROR <general>: CCurlFile::Stat - Failed: Couldn't connect to server(7) for https://image.tmdb.org/t/p/original/cFH3ISxrOFiSAZVJ3a3MKP83nf.jpg
2022-01-12 19:08:57.412 T:195565   ERROR <general>: CCurlFile::Stat - Failed: Couldn't connect to server(7) for https://assets.fanart.tv/fanart/movies/132344/moviebackground/before-midnight-54504640a1b07.jpg
2022-01-12 19:08:57.628 T:195431   ERROR <general>: CCurlFile::Stat - Failed: Couldn't connect to server(7) for https://image.tmdb.org/t/p/original/kQxYnTvBS388xIzkakmyo5hVm62.jpg
2022-01-12 19:08:57.861 T:195565   ERROR <general>: CCurlFile::Stat - Failed: Couldn't connect to server(7) for https://image.tmdb.org/t/p/original/tAwgmXKnQ6WVczwcIq5LKFr0LDb.jpg
2022-01-12 19:08:58.094 T:195431   ERROR <general>: CCurlFile::Stat - Failed: Couldn't connect to server(7) for https://assets.fanart.tv/fanart/movies/398818/moviebackground/call-me-by-your-name-5a54e00dc6852.jpg
2022-01-12 19:08:59.410 T:195431   ERROR <general>: Skipped 1 duplicate messages..
2022-01-12 19:08:59.410 T:195431   ERROR <general>: CCurlFile::Stat - Failed: Couldn't connect to server(7) for https://image.tmdb.org/t/p/original/cP31o6Ta11t4PFo7PYvtCOTJJhs.jpg
2022-01-12 19:08:59.427 T:195565   ERROR <general>: CCurlFile::Stat - Failed: Couldn't connect to server(7) for https://image.tmdb.org/t/p/original/1DBPorIH0OTQo3WooIXXvS80sGW.jpg
2022-01-12 19:09:00.253 T:195431   ERROR <general>: CCurlFile::Stat - Failed: Couldn't connect to server(7) for https://assets.fanart.tv/fanart/movies/398818/moviebackground/call-me-by-your-name-5a54e00dc6852.jpg
2022-01-12 19:09:01.242 T:195431   ERROR <general>: CCurlFile::Stat - Failed: Couldn't connect to server(7) for https://image.tmdb.org/t/p/original/1DBPorIH0OTQo3WooIXXvS80sGW.jpg
2022-01-12 19:09:02.058 T:195565   ERROR <general>: CCurlFile::Stat - Failed: Couldn't connect to server(7) for https://assets.fanart.tv/fanart/movies/398818/moviebackground/call-me-by-your-name-5a54e00dc6852.jpg
2022-01-12 19:09:02.211 T:195431   ERROR <general>: CCurlFile::Stat - Failed: Couldn't connect to server(7) for https://image.tmdb.org/t/p/original/tAwgmXKnQ6WVczwcIq5LKFr0LDb.jpg
2022-01-12 19:09:03.498 T:192576    INFO <general>: VideoPlayer::OpenFile: /home/ricky/Disk/Movies/Yi Yi (2000)/Yi.Yi.2000.1080p.BluRay.x265.MeGaTroN.mkv
2022-01-12 19:09:03.499 T:196370    INFO <general>: Creating InputStream
2022-01-12 19:09:03.510 T:196370    INFO <general>: Creating Demuxer
2022-01-12 19:09:03.549 T:196370    INFO <general>: Opening stream: 0 source: 256
2022-01-12 19:09:03.549 T:196370    INFO <general>: Creating video codec with codec id: 173
2022-01-12 19:09:03.549 T:196370    INFO <general>: CDVDVideoCodecFFmpeg::Open() Using codec: HEVC (High Efficiency Video Coding)
2022-01-12 19:09:03.549 T:196370    INFO <general>: Creating video thread
2022-01-12 19:09:03.549 T:196371    INFO <general>: running thread: video_thread
2022-01-12 19:09:03.549 T:196370    INFO <general>: Opening stream: 1 source: 256
2022-01-12 19:09:03.549 T:196370    INFO <general>: Finding audio codec for: 86019
2022-01-12 19:09:03.549 T:196370    INFO <general>: CDVDAudioCodecFFmpeg::Open() Successful opened audio decoder ac3
2022-01-12 19:09:03.549 T:196370    INFO <general>: Creating audio thread
2022-01-12 19:09:03.549 T:196372    INFO <general>: running thread: CVideoPlayerAudio::Process()
2022-01-12 19:09:03.549 T:196370    INFO <general>: Opening stream: 2 source: 256
2022-01-12 19:09:03.550 T:196370    INFO <general>: CDVDSubtitlesLibass: Creating ASS library structure
2022-01-12 19:09:03.550 T:196370    INFO <general>: CDVDSubtitlesLibass: Initializing ASS library font settings
2022-01-12 19:09:03.550 T:196370    INFO <general>: CDVDSubtitlesLibass: Initializing ASS Renderer
2022-01-12 19:09:03.562 T:196370    INFO <general>: CDVDSubtitlesLibass: Creating new ASS track
2022-01-12 19:09:03.564 T:196371    INFO <general>: VAAPI::Close
2022-01-12 19:09:03.564 T:196371    INFO <general>: VAAPI::Close - closing decoder context
2022-01-12 19:09:03.570 T:196372    INFO <general>: Creating audio stream (codec id: 86019, channels: 2, sample rate: 48000, no pass-through)
2022-01-12 19:09:03.583 T:192623    INFO <general>: CActiveAESink::OpenSink - initialize sink
2022-01-12 19:09:03.584 T:196371    INFO <general>: CDVDVideoCodecFFmpeg::Open() Using codec: HEVC (High Efficiency Video Coding)
2022-01-12 19:09:03.714 T:192576    INFO <general>: GL: Selecting YUV 2 RGB shader
2022-01-12 19:09:03.726 T:192576    INFO <general>: GL: Using GL_ARB_pixel_buffer_object
2022-01-12 19:09:03.726 T:192576    INFO <general>: Using GL_TEXTURE_2D
2022-01-12 19:09:03.800 T:192576    INFO <general>: GL: Selecting YUV 2 RGB shader
2022-01-12 19:09:03.800 T:192576    INFO <general>: GL: Using GL_ARB_pixel_buffer_object
2022-01-12 19:09:03.818 T:195565   ERROR <general>: CCurlFile::Stat - Failed: Couldn't connect to server(7) for https://assets.fanart.tv/fanart/movies/624/movieposter/easy-rider-5eafabe4dbba7.jpg
2022-01-12 19:09:03.819 T:195431   ERROR <general>: CCurlFile::Stat - Failed: Couldn't connect to server(7) for https://assets.fanart.tv/fanart/movies/512263/movieposter/honey-boy-5d77ab20cc521.jpg
2022-01-12 19:09:03.819 T:196379   ERROR <general>: CCurlFile::Stat - Failed: Couldn't connect to server(7) for https://assets.fanart.tv/fanart/movies/62/movieposter/2001-a-space-odyssey-521a259f5fb99.jpg
2022-01-12 19:09:03.820 T:196381   ERROR <general>: CCurlFile::Stat - Failed: Couldn't connect to server(7) for https://assets.fanart.tv/fanart/movies/257091/movieposter/get-hard-54f639d7d6717.jpg
2022-01-12 19:09:03.820 T:196379   ERROR <general>: CCurlFile::Stat - Failed: Couldn't connect to server(7) for https://assets.fanart.tv/fanart/movies/496/movieposter/borat-cultural-learnings-of-america-for-make-benefit-gloriou-524e51f0566f3.jpg
2022-01-12 19:09:03.820 T:195431   ERROR <general>: CCurlFile::Stat - Failed: Couldn't connect to server(7) for https://image.tmdb.org/t/p/original/owVSoeGIsJ03iUMMYzixiDZWxrl.jpg
2022-01-12 19:09:03.821 T:195565   ERROR <general>: CCurlFile::Stat - Failed: Couldn't connect to server(7) for https://image.tmdb.org/t/p/original/2HUP1vWpWYZLCJ94qcykZ07v3lb.jpg
2022-01-12 19:09:03.821 T:195431   ERROR <general>: CCurlFile::Stat - Failed: Couldn't connect to server(7) for https://assets.fanart.tv/fanart/movies/37165/movieposter/the-truman-show-555540f499ff3.jpg
2022-01-12 19:09:03.821 T:195431   ERROR <general>: CCurlFile::Stat - Failed: Couldn't connect to server(7) for https://assets.fanart.tv/fanart/movies/423/movieposter/the-pianist-5964c96f820d3.jpg
2022-01-12 19:09:03.822 T:195431   ERROR <general>: CCurlFile::Stat - Failed: Couldn't connect to server(7) for https://assets.fanart.tv/fanart/movies/370755/movieposter/paterson-58c8713484008.jpg
2022-01-12 19:09:03.822 T:195431   ERROR <general>: CCurlFile::Stat - Failed: Couldn't connect to server(7) for https://image.tmdb.org/t/p/original/fH5U8Rgql5UkDkkkRDNmuymzDhV.jpg
2022-01-12 19:09:03.825 T:196379   ERROR <general>: CCurlFile::Stat - Failed: Couldn't connect to server(7) for https://assets.fanart.tv/fanart/movies/16869/movieposter/inglourious-basterds-5217dcadabf42.jpg
2022-01-12 19:09:03.825 T:196379   ERROR <general>: CCurlFile::Stat - Failed: Couldn't connect to server(7) for https://image.tmdb.org/t/p/original/zYf9u5aaKcZ6FwZq2tAubvPH2PV.jpg
2022-01-12 19:09:03.833 T:192623    INFO <general>: PulseAudio: Opened device Default in pcm mode with Buffersize 150 ms Periodsize 50 ms
2022-01-12 19:09:03.858 T:192576    INFO <general>: Loading skin file: VideoFullScreen.xml, load type: KEEP_IN_MEMORY
2022-01-12 19:09:04.178 T:196371    INFO <general>: CDVDVideoCodecFFmpeg::CDropControl: calculated diff time: 41727
2022-01-12 19:09:27.305 T:196370    INFO <general>: CDVDSubtitlesLibass: Creating ASS library structure
2022-01-12 19:09:27.305 T:196370    INFO <general>: CDVDSubtitlesLibass: Initializing ASS library font settings
2022-01-12 19:09:27.305 T:196370    INFO <general>: CDVDSubtitlesLibass: Initializing ASS Renderer
2022-01-12 19:09:27.308 T:196371 WARNING <general>: OutputPicture - timeout waiting for buffer
2022-01-12 19:09:27.327 T:196370    INFO <general>: CDVDSubtitlesLibass: Creating new ASS track
2022-01-12 19:09:29.441 T:192576    INFO <general>: Loading skin file: VideoOSD.xml, load type: KEEP_IN_MEMORY
2022-01-12 19:09:29.452 T:196381   ERROR <general>: CCurlFile::Stat - Failed: Couldn't connect to server(7) for https://assets.fanart.tv/fanart/movies/25538/hdmovielogo/yi-yi-a-one-and-a-two-5511ef4332c4f.png
2022-01-12 19:09:36.016 T:196370    INFO <general>: CDVDSubtitlesLibass: Creating ASS library structure
2022-01-12 19:09:36.016 T:196370    INFO <general>: CDVDSubtitlesLibass: Initializing ASS library font settings
2022-01-12 19:09:36.016 T:196370    INFO <general>: CDVDSubtitlesLibass: Initializing ASS Renderer
2022-01-12 19:09:36.047 T:196370    INFO <general>: CDVDSubtitlesLibass: Creating new ASS track
2022-01-12 19:09:36.047 T:196371 WARNING <general>: OutputPicture - timeout waiting for buffer
2022-01-12 19:17:46.305 T:219933   ERROR <general>: CCurlFile::Stat - Failed: Couldn't connect to server(7) for https://assets.fanart.tv/fanart/movies/25538/hdmovielogo/yi-yi-a-one-and-a-two-5511ef4332c4f.png
2022-01-12 19:17:49.651 T:192576    INFO <general>: OnSleep: Running sleep jobs
2022-01-12 19:17:49.651 T:192576    INFO <general>: CVideoPlayer::CloseFile()
2022-01-12 19:17:49.652 T:192576    INFO <general>: VideoPlayer: waiting for threads to exit
2022-01-12 19:17:49.661 T:196370    INFO <general>: CVideoPlayer::OnExit()
2022-01-12 19:17:49.661 T:196370    INFO <general>: Closing stream player 1
2022-01-12 19:17:49.661 T:196370    INFO <general>: Waiting for audio thread to exit
2022-01-12 19:17:49.661 T:196372   ERROR <general>: Got MSGQ_ABORT or MSGO_IS_ERROR return true
2022-01-12 19:17:49.661 T:196372    INFO <general>: thread end: CVideoPlayerAudio::OnExit()
2022-01-12 19:17:49.661 T:196370    INFO <general>: Closing audio device
2022-01-12 19:17:49.663 T:196370    INFO <general>: Deleting audio codec
2022-01-12 19:17:49.663 T:196370    INFO <general>: Closing stream player 2
2022-01-12 19:17:49.663 T:196370    INFO <general>: waiting for video thread to exit
2022-01-12 19:17:49.685 T:196371    INFO <general>: thread end: video_thread
2022-01-12 19:17:49.686 T:196370    INFO <general>: deleting video codec
2022-01-12 19:17:49.700 T:196370    INFO <general>: Closing stream player 3
2022-01-12 19:17:49.704 T:192576    INFO <general>: VideoPlayer: finished waiting
2022-01-12 19:17:49.704 T:192576    INFO <general>: CVideoPlayer::CloseFile()
2022-01-12 19:17:49.704 T:192576    INFO <general>: VideoPlayer: waiting for threads to exit
2022-01-12 19:17:49.704 T:192576    INFO <general>: VideoPlayer: finished waiting
2022-01-12 19:17:49.706 T:219933    INFO <general>: Deleting settings information for files /home/ricky/Disk/Movies/Yi Yi (2000)/Yi.Yi.2000.1080p.BluRay.x265.MeGaTroN.mkv
2022-01-12 19:17:49.726 T:192623    INFO <general>: CActiveAESink::OpenSink - initialize sink
2022-01-12 19:17:49.938 T:192623    INFO <general>: PulseAudio: Opened device Default in pcm mode with Buffersize 150 ms Periodsize 50 ms
2022-01-12 19:17:50.143 T:220057   ERROR <general>: CCurlFile::Stat - Failed: Couldn't connect to server(7) for https://assets.fanart.tv/fanart/movies/624/movieposter/easy-rider-5eafabe4dbba7.jpg
2022-01-12 19:17:50.143 T:220060   ERROR <general>: CCurlFile::Stat - Failed: Couldn't connect to server(7) for https://assets.fanart.tv/fanart/movies/512263/movieposter/honey-boy-5d77ab20cc521.jpg
2022-01-12 19:17:50.143 T:220057   ERROR <general>: CCurlFile::Stat - Failed: Couldn't connect to server(7) for https://assets.fanart.tv/fanart/movies/62/movieposter/2001-a-space-odyssey-521a259f5fb99.jpg
2022-01-12 19:17:50.143 T:220060   ERROR <general>: CCurlFile::Stat - Failed: Couldn't connect to server(7) for https://assets.fanart.tv/fanart/movies/257091/movieposter/get-hard-54f639d7d6717.jpg
2022-01-12 19:17:50.144 T:220057   ERROR <general>: CCurlFile::Stat - Failed: Couldn't connect to server(7) for https://assets.fanart.tv/fanart/movies/496/movieposter/borat-cultural-learnings-of-america-for-make-benefit-gloriou-524e51f0566f3.jpg
2022-01-12 19:17:50.144 T:220060   ERROR <general>: CCurlFile::Stat - Failed: Couldn't connect to server(7) for https://assets.fanart.tv/fanart/movies/2749/movieposter/15-minutes-58121b0e21466.jpg
2022-01-12 19:17:50.145 T:220060   ERROR <general>: CCurlFile::Stat - Failed: Couldn't connect to server(7) for https://image.tmdb.org/t/p/original/734tQIlhuHBBnafHLAVFTGziFv3.jpg
2022-01-12 19:17:50.145 T:220060   ERROR <general>: CCurlFile::Stat - Failed: Couldn't connect to server(7) for https://assets.fanart.tv/fanart/movies/1955/movieposter/the-elephant-man-5eb4943c61c64.jpg
2022-01-12 19:17:50.149 T:220058   ERROR <general>: CCurlFile::Stat - Failed: Couldn't connect to server(7) for https://image.tmdb.org/t/p/original/ixBbxdL8fUMWxtdr4BvOxyy00CQ.jpg
2022-01-12 19:17:50.149 T:220058   ERROR <general>: CCurlFile::Stat - Failed: Couldn't connect to server(7) for https://image.tmdb.org/t/p/original/fH5U8Rgql5UkDkkkRDNmuymzDhV.jpg
2022-01-12 19:25:32.528 T:192576    INFO <general>: OnWake: Running resume jobs
2022-01-12 19:25:33.527 T:192622 WARNING <general>: Pulseaudio module module-allow-passthrough not loaded - opening PT devices might fail
2022-01-12 19:25:33.528 T:192622    INFO <general>: Found 1 Lists of Devices
2022-01-12 19:25:33.528 T:192622    INFO <general>: Enumerated PULSE devices:
2022-01-12 19:25:33.528 T:192622    INFO <general>:     Device 1
2022-01-12 19:25:33.528 T:192622    INFO <general>:         m_deviceName      : Default
2022-01-12 19:25:33.528 T:192622    INFO <general>:         m_displayName     : Default
2022-01-12 19:25:33.528 T:192622    INFO <general>:         m_displayNameExtra: Default Output Device (PULSEAUDIO)
2022-01-12 19:25:33.528 T:192622    INFO <general>:         m_deviceType      : AE_DEVTYPE_PCM
2022-01-12 19:25:33.529 T:192622    INFO <general>:         m_channels        : FL, FR
2022-01-12 19:25:33.529 T:192622    INFO <general>:         m_sampleRates     : 5512,8000,11025,16000,22050,32000,44100,48000,64000,88200,96000,176400,192000,384000
2022-01-12 19:25:33.529 T:192622    INFO <general>:         m_dataFormats     : AE_FMT_U8,AE_FMT_S16NE,AE_FMT_S24NE3,AE_FMT_S24NE4,AE_FMT_S32NE,AE_FMT_FLOAT
2022-01-12 19:25:33.529 T:192622    INFO <general>:         m_streamTypes     : No passthrough capabilities
2022-01-12 19:25:33.529 T:192622    INFO <general>:     Device 2
2022-01-12 19:25:33.529 T:192622    INFO <general>:         m_deviceName      : alsa_output.pci-0000_00_1b.0.analog-stereo
2022-01-12 19:25:33.529 T:192622    INFO <general>:         m_displayName     : Built-in Audio Analog Stereo
2022-01-12 19:25:33.529 T:192622    INFO <general>:         m_displayNameExtra: Speakers (PULSEAUDIO)
2022-01-12 19:25:33.529 T:192622    INFO <general>:         m_deviceType      : AE_DEVTYPE_PCM
2022-01-12 19:25:33.529 T:192622    INFO <general>:         m_channels        : FL, FR
2022-01-12 19:25:33.529 T:192622    INFO <general>:         m_sampleRates     : 5512,8000,11025,16000,22050,32000,44100,48000,64000,88200,96000,176400,192000,384000
2022-01-12 19:25:33.529 T:192622    INFO <general>:         m_dataFormats     : AE_FMT_U8,AE_FMT_S16NE,AE_FMT_S24NE3,AE_FMT_S24NE4,AE_FMT_S32NE,AE_FMT_FLOAT
2022-01-12 19:25:33.529 T:192622    INFO <general>:         m_streamTypes     : No passthrough capabilities
2022-01-12 19:25:33.529 T:192623    INFO <general>: CActiveAESink::OpenSink - initialize sink
2022-01-12 19:25:33.532 T:192623    INFO <general>: PulseAudio: Opened device Default in pcm mode with Buffersize 150 ms Periodsize 50 ms
2022-01-12 19:25:33.551 T:192576    INFO <general>: VideoPlayer::OpenFile: /home/ricky/Disk/Movies/Yi Yi (2000)/Yi.Yi.2000.1080p.BluRay.x265.MeGaTroN.mkv
2022-01-12 19:25:33.556 T:220284    INFO <general>: Creating InputStream
2022-01-12 19:25:33.561 T:220284    INFO <general>: Creating Demuxer
2022-01-12 19:25:33.599 T:220284    INFO <general>: Opening stream: 0 source: 256
2022-01-12 19:25:33.599 T:220284    INFO <general>: Creating video codec with codec id: 173
2022-01-12 19:25:33.599 T:220284    INFO <general>: CDVDVideoCodecFFmpeg::Open() Using codec: HEVC (High Efficiency Video Coding)
2022-01-12 19:25:33.599 T:220284    INFO <general>: Creating video thread
2022-01-12 19:25:33.599 T:220285    INFO <general>: running thread: video_thread
2022-01-12 19:25:33.599 T:220284    INFO <general>: Opening stream: 1 source: 256
2022-01-12 19:25:33.599 T:220284    INFO <general>: Finding audio codec for: 86019
2022-01-12 19:25:33.600 T:220284    INFO <general>: CDVDAudioCodecFFmpeg::Open() Successful opened audio decoder ac3
2022-01-12 19:25:33.600 T:220284    INFO <general>: Creating audio thread
2022-01-12 19:25:33.600 T:220286    INFO <general>: running thread: CVideoPlayerAudio::Process()
2022-01-12 19:25:33.600 T:220284    INFO <general>: Opening stream: 2 source: 256
2022-01-12 19:25:33.600 T:220284    INFO <general>: CDVDSubtitlesLibass: Creating ASS library structure
2022-01-12 19:25:33.600 T:220284    INFO <general>: CDVDSubtitlesLibass: Initializing ASS library font settings
2022-01-12 19:25:33.600 T:220284    INFO <general>: CDVDSubtitlesLibass: Initializing ASS Renderer
2022-01-12 19:25:33.614 T:220284    INFO <general>: CDVDSubtitlesLibass: Creating new ASS track
2022-01-12 19:25:33.619 T:220284    INFO <general>: CDVDSubtitlesLibass: Creating ASS library structure
2022-01-12 19:25:33.619 T:220284    INFO <general>: CDVDSubtitlesLibass: Initializing ASS library font settings
2022-01-12 19:25:33.619 T:220284    INFO <general>: CDVDSubtitlesLibass: Initializing ASS Renderer
2022-01-12 19:25:33.632 T:220284    INFO <general>: CDVDSubtitlesLibass: Creating new ASS track
2022-01-12 19:25:33.644 T:220285    INFO <general>: VAAPI::Close
2022-01-12 19:25:33.644 T:220285    INFO <general>: VAAPI::Close - closing decoder context
2022-01-12 19:25:33.651 T:220286    INFO <general>: Creating audio stream (codec id: 86019, channels: 2, sample rate: 48000, no pass-through)
2022-01-12 19:25:33.655 T:192623    INFO <general>: CActiveAESink::OpenSink - initialize sink
2022-01-12 19:25:33.750 T:220285    INFO <general>: CDVDVideoCodecFFmpeg::Open() Using codec: HEVC (High Efficiency Video Coding)
2022-01-12 19:25:33.815 T:220057   ERROR <general>: CCurlFile::Stat - Failed: Couldn't connect to server(7) for https://assets.fanart.tv/fanart/movies/624/movieposter/easy-rider-5eafabe4dbba7.jpg
2022-01-12 19:25:33.816 T:220057   ERROR <general>: CCurlFile::Stat - Failed: Couldn't connect to server(7) for https://assets.fanart.tv/fanart/movies/512263/movieposter/honey-boy-5d77ab20cc521.jpg
2022-01-12 19:25:33.816 T:220060   ERROR <general>: CCurlFile::Stat - Failed: Couldn't connect to server(7) for https://assets.fanart.tv/fanart/movies/62/movieposter/2001-a-space-odyssey-521a259f5fb99.jpg
2022-01-12 19:25:33.817 T:220057   ERROR <general>: CCurlFile::Stat - Failed: Couldn't connect to server(7) for https://assets.fanart.tv/fanart/movies/257091/movieposter/get-hard-54f639d7d6717.jpg
2022-01-12 19:25:33.817 T:220060   ERROR <general>: CCurlFile::Stat - Failed: Couldn't connect to server(7) for https://assets.fanart.tv/fanart/movies/496/movieposter/borat-cultural-learnings-of-america-for-make-benefit-gloriou-524e51f0566f3.jpg
2022-01-12 19:25:33.846 T:220060   ERROR <general>: CCurlFile::Stat - Failed: Couldn't connect to server(7) for https://assets.fanart.tv/fanart/movies/1955/movieposter/the-elephant-man-5eb4943c61c64.jpg
2022-01-12 19:25:33.847 T:220060   ERROR <general>: CCurlFile::Stat - Failed: Couldn't connect to server(7) for https://image.tmdb.org/t/p/original/asQXJHknyzeSKqFpsmchV3toAd8.jpg
2022-01-12 19:25:33.857 T:219933   ERROR <general>: CCurlFile::Stat - Failed: Couldn't connect to server(7) for https://image.tmdb.org/t/p/original/xRXSiTKPSyk5LsYeXSjzJXVpDZq.jpg
2022-01-12 19:25:33.857 T:219933   ERROR <general>: CCurlFile::Stat - Failed: Couldn't connect to server(7) for https://image.tmdb.org/t/p/original/d9TeB8VLCgwSph2OSYK3lcHGf1f.jpg
2022-01-12 19:25:33.861 T:220060   ERROR <general>: CCurlFile::Stat - Failed: Couldn't connect to server(7) for https://assets.fanart.tv/fanart/movies/1955/moviebackground/the-elephant-man-55bd6be4ae455.jpg
2022-01-12 19:25:33.887 T:192623    INFO <general>: PulseAudio: Opened device Default in pcm mode with Buffersize 150 ms Periodsize 50 ms
2022-01-12 19:25:33.982 T:192576    INFO <general>: GL: Selecting YUV 2 RGB shader
2022-01-12 19:25:33.982 T:192576    INFO <general>: GL: Using GL_ARB_pixel_buffer_object
2022-01-12 19:25:33.982 T:192576    INFO <general>: Using GL_TEXTURE_2D
2022-01-12 19:25:34.314 T:220285    INFO <general>: CDVDVideoCodecFFmpeg::CDropControl: calculated diff time: 41727
2022-01-12 19:25:39.972 T:219933   ERROR <general>: CCurlFile::Stat - Failed: Couldn't connect to server(7) for https://assets.fanart.tv/fanart/movies/25538/hdmovielogo/yi-yi-a-one-and-a-two-5511ef4332c4f.png
2022-01-12 19:42:19.268 T:192576    INFO <general>: Stopping player
2022-01-12 19:42:19.287 T:192576    INFO <general>: CVideoPlayer::CloseFile()
2022-01-12 19:42:19.288 T:192576    INFO <general>: VideoPlayer: waiting for threads to exit
2022-01-12 19:42:19.290 T:220284    INFO <general>: CVideoPlayer::OnExit()
2022-01-12 19:42:19.290 T:220284    INFO <general>: Closing stream player 1
2022-01-12 19:42:19.290 T:220284    INFO <general>: Waiting for audio thread to exit
2022-01-12 19:42:19.290 T:220286   ERROR <general>: Got MSGQ_ABORT or MSGO_IS_ERROR return true
2022-01-12 19:42:19.290 T:220286    INFO <general>: thread end: CVideoPlayerAudio::OnExit()
2022-01-12 19:42:19.290 T:220284    INFO <general>: Closing audio device
2022-01-12 19:42:19.291 T:220284    INFO <general>: Deleting audio codec
2022-01-12 19:42:19.291 T:220284    INFO <general>: Closing stream player 2
2022-01-12 19:42:19.291 T:220284    INFO <general>: waiting for video thread to exit
2022-01-12 19:42:19.293 T:192623    INFO <general>: CActiveAESink::OpenSink - initialize sink
2022-01-12 19:42:19.303 T:220285    INFO <general>: thread end: video_thread
2022-01-12 19:42:19.303 T:220284    INFO <general>: deleting video codec
2022-01-12 19:42:19.321 T:220284    INFO <general>: Closing stream player 3
2022-01-12 19:42:19.324 T:192576    INFO <general>: VideoPlayer: finished waiting
2022-01-12 19:42:19.324 T:192576    INFO <general>: CVideoPlayer::CloseFile()
2022-01-12 19:42:19.324 T:192576    INFO <general>: VideoPlayer: waiting for threads to exit
2022-01-12 19:42:19.324 T:192576    INFO <general>: VideoPlayer: finished waiting
2022-01-12 19:42:19.326 T:266930    INFO <general>: Deleting settings information for files /home/ricky/Disk/Movies/Yi Yi (2000)/Yi.Yi.2000.1080p.BluRay.x265.MeGaTroN.mkv
2022-01-12 19:42:19.477 T:192576    INFO <general>: Storing total System Uptime
2022-01-12 19:42:19.477 T:192576    INFO <general>: Saving settings
2022-01-12 19:42:19.483 T:192576    INFO <general>: Saving skin settings
2022-01-12 19:42:19.483 T:192576    INFO <general>: Stopping all
2022-01-12 19:42:19.483 T:192576    INFO <general>: ES: Stopping event server
2022-01-12 19:42:19.483 T:192576    INFO <general>: stopping zeroconf publishing
2022-01-12 19:42:19.593 T:192623    INFO <general>: PulseAudio: Opened device Default in pcm mode with Buffersize 150 ms Periodsize 50 ms
2022-01-12 19:42:19.823 T:192640    INFO <general>: ES: UDP Event server stopped
2022-01-12 19:42:19.824 T:192576    INFO <general>: stop dvd detect media
2022-01-12 19:42:19.824 T:192576    INFO <general>: CServiceAddonManager: failed to stop service.xbmc.versioncheck (may have ended)
2022-01-12 19:42:20.088 T:192576    INFO <general>: Application stopped
2022-01-12 19:42:20.288 T:192576    INFO <general>: XBApplicationEx: destroying...
2022-01-12 19:42:20.775 T:192576    INFO <general>: unload skin
2022-01-12 19:42:20.793 T:192576    INFO <general>: Unloaded skin
2022-01-12 19:42:20.794 T:192576    INFO <general>: unload sections
2022-01-12 19:42:20.843 T:192576    INFO <general>: XRANDR: /usr/lib/kodi/kodi-xrandr --screen 0 --output eDP-1 --mode 0x45
2022-01-12 19:42:20.875 T:192576    INFO <general>: XBApplicationEx: application stopped!
